nohup: ignoring input
[2024-08-15 01:07:15,493] [ForkServerProcess-1] Starting grpc server at 127.0.0.1:51111
[2024-08-15 01:07:15,528] [ForkServerProcess-3] Starting grpc server at 127.0.0.1:51113
[2024-08-15 01:07:15,533] [ForkServerProcess-4] Starting grpc server at 127.0.0.1:51114
[2024-08-15 01:07:15,540] [ForkServerProcess-5] Starting grpc server at 127.0.0.1:51115
[2024-08-15 01:07:15,540] [ForkServerProcess-2] Starting grpc server at 127.0.0.1:51112
[2024-08-15 01:07:50,489] [ForkServerProcess-1] Run : builtin_spu_init at node:0
[2024-08-15 01:07:50,489] [ForkServerProcess-2] Run : builtin_spu_init at node:1
[2024-08-15 01:07:50,489] [ForkServerProcess-3] Run : builtin_spu_init at node:2
[2024-08-15 01:07:52,034] [ForkServerProcess-3] spu-runtime (SPU) initialized
[2024-08-15 01:07:52,034] [ForkServerProcess-2] spu-runtime (SPU) initialized
[2024-08-15 01:07:52,035] [ForkServerProcess-1] spu-runtime (SPU) initialized
An NVIDIA GPU may be present on this machine, but a CUDA-enabled jaxlib is not installed. Falling back to cpu.
[2024-08-15 01:08:27,504] [ForkServerProcess-4] Run : <lambda> at node:3
An NVIDIA GPU may be present on this machine, but a CUDA-enabled jaxlib is not installed. Falling back to cpu.
[2024-08-15 01:08:38,940] [ForkServerProcess-5] Run : <lambda> at node:4
[2024-08-15 01:08:39,014] [ForkServerProcess-4] Run : make_shares at node:3
[2024-08-15 01:08:39,033] [ForkServerProcess-4] RunR: builtin_fetch_meta at node:3
[2024-08-15 01:08:39,047] [ForkServerProcess-5] Run : make_shares at node:4
[2024-08-15 01:08:39,065] [ForkServerProcess-5] RunR: builtin_fetch_meta at node:4
[2024-08-15 01:08:39,080] [ForkServerProcess-5] Run : make_shares at node:4
[2024-08-15 01:08:39.080] [info] [thread_pool.cc:30] Create a fixed thread pool with size 63
[2024-08-15 01:08:39,290] [ForkServerProcess-5] RunR: builtin_fetch_meta at node:4
[2024-08-15 01:08:39,304] [ForkServerProcess-5] Run : make_shares at node:4
[2024-08-15 01:08:39,316] [ForkServerProcess-5] RunR: builtin_fetch_meta at node:4
[2024-08-15 01:08:39,330] [ForkServerProcess-5] Run : make_shares at node:4
[2024-08-15 01:08:39,392] [ForkServerProcess-5] RunR: builtin_fetch_meta at node:4
[2024-08-15 01:08:39,406] [ForkServerProcess-5] Run : make_shares at node:4
[2024-08-15 01:08:39,417] [ForkServerProcess-5] RunR: builtin_fetch_meta at node:4
[2024-08-15 01:08:39,431] [ForkServerProcess-5] Run : make_shares at node:4
[2024-08-15 01:08:39,443] [ForkServerProcess-5] RunR: builtin_fetch_meta at node:4
[2024-08-15 01:08:39,457] [ForkServerProcess-5] Run : make_shares at node:4
[2024-08-15 01:08:39,470] [ForkServerProcess-5] RunR: builtin_fetch_meta at node:4
[2024-08-15 01:08:39,483] [ForkServerProcess-5] Run : make_shares at node:4
[2024-08-15 01:08:39,495] [ForkServerProcess-5] RunR: builtin_fetch_meta at node:4
[2024-08-15 01:08:39,509] [ForkServerProcess-5] Run : make_shares at node:4
[2024-08-15 01:08:39,523] [ForkServerProcess-5] RunR: builtin_fetch_meta at node:4
[2024-08-15 01:08:39,536] [ForkServerProcess-5] Run : make_shares at node:4
[2024-08-15 01:08:39,786] [ForkServerProcess-5] RunR: builtin_fetch_meta at node:4
[2024-08-15 01:08:39,798] [ForkServerProcess-5] Run : make_shares at node:4
[2024-08-15 01:08:39,811] [ForkServerProcess-5] RunR: builtin_fetch_meta at node:4
[2024-08-15 01:08:39,823] [ForkServerProcess-5] Run : make_shares at node:4
[2024-08-15 01:08:40,043] [ForkServerProcess-5] RunR: builtin_fetch_meta at node:4
[2024-08-15 01:08:40,058] [ForkServerProcess-5] Run : make_shares at node:4
[2024-08-15 01:08:40,074] [ForkServerProcess-5] RunR: builtin_fetch_meta at node:4
[2024-08-15 01:08:40,089] [ForkServerProcess-5] Run : make_shares at node:4
[2024-08-15 01:08:40,220] [ForkServerProcess-5] RunR: builtin_fetch_meta at node:4
[2024-08-15 01:08:40,233] [ForkServerProcess-5] Run : make_shares at node:4
[2024-08-15 01:08:40,248] [ForkServerProcess-5] RunR: builtin_fetch_meta at node:4
[2024-08-15 01:08:40,261] [ForkServerProcess-5] Run : make_shares at node:4
[2024-08-15 01:08:40,314] [ForkServerProcess-5] RunR: builtin_fetch_meta at node:4
[2024-08-15 01:08:40,328] [ForkServerProcess-5] Run : make_shares at node:4
[2024-08-15 01:08:40,341] [ForkServerProcess-5] RunR: builtin_fetch_meta at node:4
[2024-08-15 01:08:40,354] [ForkServerProcess-5] Run : make_shares at node:4
[2024-08-15 01:08:40,367] [ForkServerProcess-5] RunR: builtin_fetch_meta at node:4
[2024-08-15 01:08:40,381] [ForkServerProcess-5] Run : make_shares at node:4
[2024-08-15 01:08:40,394] [ForkServerProcess-5] RunR: builtin_fetch_meta at node:4
[2024-08-15 01:08:40,407] [ForkServerProcess-5] Run : make_shares at node:4
[2024-08-15 01:08:40,420] [ForkServerProcess-5] RunR: builtin_fetch_meta at node:4
[2024-08-15 01:08:40,434] [ForkServerProcess-5] Run : make_shares at node:4
[2024-08-15 01:08:40,449] [ForkServerProcess-5] RunR: builtin_fetch_meta at node:4
[2024-08-15 01:08:40,463] [ForkServerProcess-5] Run : make_shares at node:4
[2024-08-15 01:08:40,688] [ForkServerProcess-5] RunR: builtin_fetch_meta at node:4
[2024-08-15 01:08:40,700] [ForkServerProcess-5] Run : make_shares at node:4
[2024-08-15 01:08:40,712] [ForkServerProcess-5] RunR: builtin_fetch_meta at node:4
[2024-08-15 01:08:40,725] [ForkServerProcess-5] Run : make_shares at node:4
[2024-08-15 01:08:40,951] [ForkServerProcess-5] RunR: builtin_fetch_meta at node:4
[2024-08-15 01:08:40,965] [ForkServerProcess-5] Run : make_shares at node:4
[2024-08-15 01:08:40,977] [ForkServerProcess-5] RunR: builtin_fetch_meta at node:4
[2024-08-15 01:08:40,990] [ForkServerProcess-5] Run : make_shares at node:4
[2024-08-15 01:08:41,136] [ForkServerProcess-5] RunR: builtin_fetch_meta at node:4
[2024-08-15 01:08:41,150] [ForkServerProcess-5] Run : make_shares at node:4
[2024-08-15 01:08:41,163] [ForkServerProcess-5] RunR: builtin_fetch_meta at node:4
[2024-08-15 01:08:41,176] [ForkServerProcess-5] Run : make_shares at node:4
[2024-08-15 01:08:41,229] [ForkServerProcess-5] RunR: builtin_fetch_meta at node:4
[2024-08-15 01:08:41,244] [ForkServerProcess-5] Run : make_shares at node:4
[2024-08-15 01:08:41,257] [ForkServerProcess-5] RunR: builtin_fetch_meta at node:4
[2024-08-15 01:08:41,270] [ForkServerProcess-5] Run : make_shares at node:4
[2024-08-15 01:08:41,283] [ForkServerProcess-5] RunR: builtin_fetch_meta at node:4
[2024-08-15 01:08:41,297] [ForkServerProcess-5] Run : make_shares at node:4
[2024-08-15 01:08:41,310] [ForkServerProcess-5] RunR: builtin_fetch_meta at node:4
[2024-08-15 01:08:41,324] [ForkServerProcess-5] Run : make_shares at node:4
[2024-08-15 01:08:41,338] [ForkServerProcess-5] RunR: builtin_fetch_meta at node:4
[2024-08-15 01:08:41,351] [ForkServerProcess-5] Run : make_shares at node:4
[2024-08-15 01:08:41,365] [ForkServerProcess-5] RunR: builtin_fetch_meta at node:4
[2024-08-15 01:08:41,379] [ForkServerProcess-5] Run : make_shares at node:4
[2024-08-15 01:08:41,591] [ForkServerProcess-5] RunR: builtin_fetch_meta at node:4
[2024-08-15 01:08:41,604] [ForkServerProcess-5] Run : make_shares at node:4
[2024-08-15 01:08:41,617] [ForkServerProcess-5] RunR: builtin_fetch_meta at node:4
[2024-08-15 01:08:41,630] [ForkServerProcess-5] Run : make_shares at node:4
[2024-08-15 01:08:41,799] [ForkServerProcess-5] RunR: builtin_fetch_meta at node:4
[2024-08-15 01:08:41,811] [ForkServerProcess-5] Run : make_shares at node:4
[2024-08-15 01:08:41,824] [ForkServerProcess-5] RunR: builtin_fetch_meta at node:4
[2024-08-15 01:08:41,836] [ForkServerProcess-5] Run : make_shares at node:4
[2024-08-15 01:08:41,975] [ForkServerProcess-5] RunR: builtin_fetch_meta at node:4
[2024-08-15 01:08:41,988] [ForkServerProcess-5] Run : make_shares at node:4
[2024-08-15 01:08:42,000] [ForkServerProcess-5] RunR: builtin_fetch_meta at node:4
[2024-08-15 01:08:42,014] [ForkServerProcess-5] Run : make_shares at node:4
[2024-08-15 01:08:42,064] [ForkServerProcess-5] RunR: builtin_fetch_meta at node:4
[2024-08-15 01:08:42,078] [ForkServerProcess-5] Run : make_shares at node:4
[2024-08-15 01:08:42,091] [ForkServerProcess-5] RunR: builtin_fetch_meta at node:4
[2024-08-15 01:08:42,105] [ForkServerProcess-5] Run : make_shares at node:4
[2024-08-15 01:08:42,118] [ForkServerProcess-5] RunR: builtin_fetch_meta at node:4
[2024-08-15 01:08:42,133] [ForkServerProcess-5] Run : make_shares at node:4
[2024-08-15 01:08:42,145] [ForkServerProcess-5] RunR: builtin_fetch_meta at node:4
[2024-08-15 01:08:42,159] [ForkServerProcess-5] Run : make_shares at node:4
[2024-08-15 01:08:42,171] [ForkServerProcess-5] RunR: builtin_fetch_meta at node:4
[2024-08-15 01:08:42,186] [ForkServerProcess-5] Run : make_shares at node:4
[2024-08-15 01:08:42,200] [ForkServerProcess-5] RunR: builtin_fetch_meta at node:4
[2024-08-15 01:08:42,213] [ForkServerProcess-5] Run : make_shares at node:4
[2024-08-15 01:08:42,434] [ForkServerProcess-5] RunR: builtin_fetch_meta at node:4
[2024-08-15 01:08:42,447] [ForkServerProcess-5] Run : make_shares at node:4
[2024-08-15 01:08:42,460] [ForkServerProcess-5] RunR: builtin_fetch_meta at node:4
[2024-08-15 01:08:42,472] [ForkServerProcess-5] Run : make_shares at node:4
[2024-08-15 01:08:42,692] [ForkServerProcess-5] RunR: builtin_fetch_meta at node:4
[2024-08-15 01:08:42,706] [ForkServerProcess-5] Run : make_shares at node:4
[2024-08-15 01:08:42,718] [ForkServerProcess-5] RunR: builtin_fetch_meta at node:4
[2024-08-15 01:08:42,732] [ForkServerProcess-5] Run : make_shares at node:4
[2024-08-15 01:08:42,864] [ForkServerProcess-5] RunR: builtin_fetch_meta at node:4
[2024-08-15 01:08:42,878] [ForkServerProcess-5] Run : make_shares at node:4
[2024-08-15 01:08:42,891] [ForkServerProcess-5] RunR: builtin_fetch_meta at node:4
[2024-08-15 01:08:42,904] [ForkServerProcess-5] Run : make_shares at node:4
[2024-08-15 01:08:42,957] [ForkServerProcess-5] RunR: builtin_fetch_meta at node:4
[2024-08-15 01:08:42,970] [ForkServerProcess-5] Run : make_shares at node:4
[2024-08-15 01:08:42,982] [ForkServerProcess-5] RunR: builtin_fetch_meta at node:4
[2024-08-15 01:08:42,996] [ForkServerProcess-5] Run : make_shares at node:4
[2024-08-15 01:08:43,008] [ForkServerProcess-5] RunR: builtin_fetch_meta at node:4
[2024-08-15 01:08:43,022] [ForkServerProcess-5] Run : make_shares at node:4
[2024-08-15 01:08:43,035] [ForkServerProcess-5] RunR: builtin_fetch_meta at node:4
[2024-08-15 01:08:43,049] [ForkServerProcess-5] Run : make_shares at node:4
[2024-08-15 01:08:43,062] [ForkServerProcess-5] RunR: builtin_fetch_meta at node:4
[2024-08-15 01:08:43,075] [ForkServerProcess-5] Run : make_shares at node:4
[2024-08-15 01:08:43,089] [ForkServerProcess-5] RunR: builtin_fetch_meta at node:4
[2024-08-15 01:08:43,103] [ForkServerProcess-5] Run : make_shares at node:4
[2024-08-15 01:08:43,270] [ForkServerProcess-5] RunR: builtin_fetch_meta at node:4
[2024-08-15 01:08:43,284] [ForkServerProcess-5] Run : make_shares at node:4
[2024-08-15 01:08:43,297] [ForkServerProcess-5] RunR: builtin_fetch_meta at node:4
[2024-08-15 01:08:43,311] [ForkServerProcess-5] Run : make_shares at node:4
[2024-08-15 01:08:43,476] [ForkServerProcess-5] RunR: builtin_fetch_meta at node:4
[2024-08-15 01:08:43,488] [ForkServerProcess-5] Run : make_shares at node:4
[2024-08-15 01:08:43,500] [ForkServerProcess-5] RunR: builtin_fetch_meta at node:4
[2024-08-15 01:08:43,512] [ForkServerProcess-5] Run : make_shares at node:4
[2024-08-15 01:08:43,648] [ForkServerProcess-5] RunR: builtin_fetch_meta at node:4
[2024-08-15 01:08:43,661] [ForkServerProcess-5] Run : make_shares at node:4
[2024-08-15 01:08:43,673] [ForkServerProcess-5] RunR: builtin_fetch_meta at node:4
[2024-08-15 01:08:43,686] [ForkServerProcess-5] Run : make_shares at node:4
[2024-08-15 01:08:43,741] [ForkServerProcess-5] RunR: builtin_fetch_meta at node:4
[2024-08-15 01:08:43,755] [ForkServerProcess-5] Run : make_shares at node:4
[2024-08-15 01:08:43,768] [ForkServerProcess-5] RunR: builtin_fetch_meta at node:4
[2024-08-15 01:08:43,781] [ForkServerProcess-5] Run : make_shares at node:4
[2024-08-15 01:08:43,794] [ForkServerProcess-5] RunR: builtin_fetch_meta at node:4
[2024-08-15 01:08:43,807] [ForkServerProcess-5] Run : make_shares at node:4
[2024-08-15 01:08:43,820] [ForkServerProcess-5] RunR: builtin_fetch_meta at node:4
[2024-08-15 01:08:43,834] [ForkServerProcess-5] Run : make_shares at node:4
[2024-08-15 01:08:43,846] [ForkServerProcess-5] RunR: builtin_fetch_meta at node:4
[2024-08-15 01:08:43,860] [ForkServerProcess-5] Run : make_shares at node:4
[2024-08-15 01:08:43,874] [ForkServerProcess-5] RunR: builtin_fetch_meta at node:4
[2024-08-15 01:08:43,888] [ForkServerProcess-5] Run : make_shares at node:4
[2024-08-15 01:08:44,115] [ForkServerProcess-5] RunR: builtin_fetch_meta at node:4
[2024-08-15 01:08:44,128] [ForkServerProcess-5] Run : make_shares at node:4
[2024-08-15 01:08:44,141] [ForkServerProcess-5] RunR: builtin_fetch_meta at node:4
[2024-08-15 01:08:44,153] [ForkServerProcess-5] Run : make_shares at node:4
[2024-08-15 01:08:44,370] [ForkServerProcess-5] RunR: builtin_fetch_meta at node:4
[2024-08-15 01:08:44,384] [ForkServerProcess-5] Run : make_shares at node:4
[2024-08-15 01:08:44,396] [ForkServerProcess-5] RunR: builtin_fetch_meta at node:4
[2024-08-15 01:08:44,410] [ForkServerProcess-5] Run : make_shares at node:4
[2024-08-15 01:08:44,540] [ForkServerProcess-5] RunR: builtin_fetch_meta at node:4
[2024-08-15 01:08:44,553] [ForkServerProcess-5] Run : make_shares at node:4
[2024-08-15 01:08:44,565] [ForkServerProcess-5] RunR: builtin_fetch_meta at node:4
[2024-08-15 01:08:44,579] [ForkServerProcess-5] Run : make_shares at node:4
[2024-08-15 01:08:44,630] [ForkServerProcess-5] RunR: builtin_fetch_meta at node:4
[2024-08-15 01:08:44,644] [ForkServerProcess-5] Run : make_shares at node:4
[2024-08-15 01:08:44,656] [ForkServerProcess-5] RunR: builtin_fetch_meta at node:4
[2024-08-15 01:08:44,671] [ForkServerProcess-5] Run : make_shares at node:4
[2024-08-15 01:08:44,684] [ForkServerProcess-5] RunR: builtin_fetch_meta at node:4
[2024-08-15 01:08:44,698] [ForkServerProcess-5] Run : make_shares at node:4
[2024-08-15 01:08:44,711] [ForkServerProcess-5] RunR: builtin_fetch_meta at node:4
[2024-08-15 01:08:44,725] [ForkServerProcess-5] Run : make_shares at node:4
[2024-08-15 01:08:44,738] [ForkServerProcess-5] RunR: builtin_fetch_meta at node:4
[2024-08-15 01:08:44,752] [ForkServerProcess-5] Run : make_shares at node:4
[2024-08-15 01:08:44,767] [ForkServerProcess-5] RunR: builtin_fetch_meta at node:4
[2024-08-15 01:08:44,780] [ForkServerProcess-5] Run : make_shares at node:4
[2024-08-15 01:08:44,994] [ForkServerProcess-5] RunR: builtin_fetch_meta at node:4
[2024-08-15 01:08:45,008] [ForkServerProcess-5] Run : make_shares at node:4
[2024-08-15 01:08:45,021] [ForkServerProcess-5] RunR: builtin_fetch_meta at node:4
[2024-08-15 01:08:45,036] [ForkServerProcess-5] Run : make_shares at node:4
[2024-08-15 01:08:45,199] [ForkServerProcess-5] RunR: builtin_fetch_meta at node:4
[2024-08-15 01:08:45,212] [ForkServerProcess-5] Run : make_shares at node:4
[2024-08-15 01:08:45,224] [ForkServerProcess-5] RunR: builtin_fetch_meta at node:4
[2024-08-15 01:08:45,237] [ForkServerProcess-5] Run : make_shares at node:4
[2024-08-15 01:08:45,375] [ForkServerProcess-5] RunR: builtin_fetch_meta at node:4
[2024-08-15 01:08:45,388] [ForkServerProcess-5] Run : make_shares at node:4
[2024-08-15 01:08:45,400] [ForkServerProcess-5] RunR: builtin_fetch_meta at node:4
[2024-08-15 01:08:45,414] [ForkServerProcess-5] Run : make_shares at node:4
[2024-08-15 01:08:45,467] [ForkServerProcess-5] RunR: builtin_fetch_meta at node:4
[2024-08-15 01:08:45,481] [ForkServerProcess-5] Run : make_shares at node:4
[2024-08-15 01:08:45,494] [ForkServerProcess-5] RunR: builtin_fetch_meta at node:4
[2024-08-15 01:08:45,508] [ForkServerProcess-5] Run : make_shares at node:4
[2024-08-15 01:08:45,521] [ForkServerProcess-5] RunR: builtin_fetch_meta at node:4
[2024-08-15 01:08:45,535] [ForkServerProcess-5] Run : make_shares at node:4
[2024-08-15 01:08:45,548] [ForkServerProcess-5] RunR: builtin_fetch_meta at node:4
[2024-08-15 01:08:45,563] [ForkServerProcess-5] Run : make_shares at node:4
[2024-08-15 01:08:45,576] [ForkServerProcess-5] RunR: builtin_fetch_meta at node:4
[2024-08-15 01:08:45,589] [ForkServerProcess-5] Run : make_shares at node:4
[2024-08-15 01:08:45,603] [ForkServerProcess-5] RunR: builtin_fetch_meta at node:4
[2024-08-15 01:08:45,617] [ForkServerProcess-5] Run : make_shares at node:4
[2024-08-15 01:08:45,779] [ForkServerProcess-5] RunR: builtin_fetch_meta at node:4
[2024-08-15 01:08:45,792] [ForkServerProcess-5] Run : make_shares at node:4
[2024-08-15 01:08:45,804] [ForkServerProcess-5] RunR: builtin_fetch_meta at node:4
[2024-08-15 01:08:45,817] [ForkServerProcess-5] Run : make_shares at node:4
[2024-08-15 01:08:45,976] [ForkServerProcess-5] RunR: builtin_fetch_meta at node:4
[2024-08-15 01:08:45,990] [ForkServerProcess-5] Run : make_shares at node:4
[2024-08-15 01:08:46,002] [ForkServerProcess-5] RunR: builtin_fetch_meta at node:4
[2024-08-15 01:08:46,016] [ForkServerProcess-5] Run : make_shares at node:4
[2024-08-15 01:08:46,163] [ForkServerProcess-5] RunR: builtin_fetch_meta at node:4
[2024-08-15 01:08:46,177] [ForkServerProcess-5] Run : make_shares at node:4
[2024-08-15 01:08:46,190] [ForkServerProcess-5] RunR: builtin_fetch_meta at node:4
[2024-08-15 01:08:46,203] [ForkServerProcess-5] Run : make_shares at node:4
[2024-08-15 01:08:46,258] [ForkServerProcess-5] RunR: builtin_fetch_meta at node:4
[2024-08-15 01:08:46,271] [ForkServerProcess-5] Run : make_shares at node:4
[2024-08-15 01:08:46,283] [ForkServerProcess-5] RunR: builtin_fetch_meta at node:4
[2024-08-15 01:08:46,297] [ForkServerProcess-5] Run : make_shares at node:4
[2024-08-15 01:08:46,310] [ForkServerProcess-5] RunR: builtin_fetch_meta at node:4
[2024-08-15 01:08:46,323] [ForkServerProcess-5] Run : make_shares at node:4
[2024-08-15 01:08:46,335] [ForkServerProcess-5] RunR: builtin_fetch_meta at node:4
[2024-08-15 01:08:46,348] [ForkServerProcess-5] Run : make_shares at node:4
[2024-08-15 01:08:46,361] [ForkServerProcess-5] RunR: builtin_fetch_meta at node:4
[2024-08-15 01:08:46,374] [ForkServerProcess-5] Run : make_shares at node:4
[2024-08-15 01:08:46,388] [ForkServerProcess-5] RunR: builtin_fetch_meta at node:4
[2024-08-15 01:08:46,401] [ForkServerProcess-5] Run : make_shares at node:4
[2024-08-15 01:08:46,564] [ForkServerProcess-5] RunR: builtin_fetch_meta at node:4
[2024-08-15 01:08:46,577] [ForkServerProcess-5] Run : make_shares at node:4
[2024-08-15 01:08:46,589] [ForkServerProcess-5] RunR: builtin_fetch_meta at node:4
[2024-08-15 01:08:46,602] [ForkServerProcess-5] Run : make_shares at node:4
[2024-08-15 01:08:46,762] [ForkServerProcess-5] RunR: builtin_fetch_meta at node:4
[2024-08-15 01:08:46,775] [ForkServerProcess-5] Run : make_shares at node:4
[2024-08-15 01:08:46,787] [ForkServerProcess-5] RunR: builtin_fetch_meta at node:4
[2024-08-15 01:08:46,799] [ForkServerProcess-5] Run : make_shares at node:4
[2024-08-15 01:08:46,926] [ForkServerProcess-5] RunR: builtin_fetch_meta at node:4
[2024-08-15 01:08:46,940] [ForkServerProcess-5] Run : make_shares at node:4
[2024-08-15 01:08:46,953] [ForkServerProcess-5] RunR: builtin_fetch_meta at node:4
[2024-08-15 01:08:46,967] [ForkServerProcess-5] Run : make_shares at node:4
[2024-08-15 01:08:47,021] [ForkServerProcess-5] RunR: builtin_fetch_meta at node:4
[2024-08-15 01:08:47,034] [ForkServerProcess-5] Run : make_shares at node:4
[2024-08-15 01:08:47,046] [ForkServerProcess-5] RunR: builtin_fetch_meta at node:4
[2024-08-15 01:08:47,060] [ForkServerProcess-5] Run : make_shares at node:4
[2024-08-15 01:08:47,073] [ForkServerProcess-5] RunR: builtin_fetch_meta at node:4
[2024-08-15 01:08:47,087] [ForkServerProcess-5] Run : make_shares at node:4
[2024-08-15 01:08:47,100] [ForkServerProcess-5] RunR: builtin_fetch_meta at node:4
[2024-08-15 01:08:47,113] [ForkServerProcess-5] Run : make_shares at node:4
[2024-08-15 01:08:47,126] [ForkServerProcess-5] RunR: builtin_fetch_meta at node:4
[2024-08-15 01:08:47,139] [ForkServerProcess-5] Run : make_shares at node:4
[2024-08-15 01:08:47,152] [ForkServerProcess-5] RunR: builtin_fetch_meta at node:4
[2024-08-15 01:08:47,166] [ForkServerProcess-5] Run : make_shares at node:4
[2024-08-15 01:08:47,386] [ForkServerProcess-5] RunR: builtin_fetch_meta at node:4
[2024-08-15 01:08:47,401] [ForkServerProcess-5] Run : make_shares at node:4
[2024-08-15 01:08:47,414] [ForkServerProcess-5] RunR: builtin_fetch_meta at node:4
[2024-08-15 01:08:47,428] [ForkServerProcess-5] Run : make_shares at node:4
[2024-08-15 01:08:47,666] [ForkServerProcess-5] RunR: builtin_fetch_meta at node:4
[2024-08-15 01:08:47,679] [ForkServerProcess-5] Run : make_shares at node:4
[2024-08-15 01:08:47,691] [ForkServerProcess-5] RunR: builtin_fetch_meta at node:4
[2024-08-15 01:08:47,703] [ForkServerProcess-5] Run : make_shares at node:4
[2024-08-15 01:08:47,836] [ForkServerProcess-5] RunR: builtin_fetch_meta at node:4
[2024-08-15 01:08:47,849] [ForkServerProcess-5] Run : make_shares at node:4
[2024-08-15 01:08:47,861] [ForkServerProcess-5] RunR: builtin_fetch_meta at node:4
[2024-08-15 01:08:47,874] [ForkServerProcess-5] Run : make_shares at node:4
[2024-08-15 01:08:47,952] [ForkServerProcess-5] RunR: builtin_fetch_meta at node:4
[2024-08-15 01:08:47,965] [ForkServerProcess-5] Run : make_shares at node:4
[2024-08-15 01:08:47,977] [ForkServerProcess-5] RunR: builtin_fetch_meta at node:4
[2024-08-15 01:08:47,991] [ForkServerProcess-5] Run : make_shares at node:4
[2024-08-15 01:08:48,003] [ForkServerProcess-5] RunR: builtin_fetch_meta at node:4
[2024-08-15 01:08:48,017] [ForkServerProcess-5] Run : make_shares at node:4
[2024-08-15 01:08:48,030] [ForkServerProcess-5] RunR: builtin_fetch_meta at node:4
[2024-08-15 01:08:48,043] [ForkServerProcess-5] Run : make_shares at node:4
[2024-08-15 01:08:48,055] [ForkServerProcess-5] RunR: builtin_fetch_meta at node:4
[2024-08-15 01:08:48,069] [ForkServerProcess-5] Run : make_shares at node:4
[2024-08-15 01:08:48,082] [ForkServerProcess-5] RunR: builtin_fetch_meta at node:4
[2024-08-15 01:08:48,096] [ForkServerProcess-5] Run : make_shares at node:4
[2024-08-15 01:08:48,312] [ForkServerProcess-5] RunR: builtin_fetch_meta at node:4
[2024-08-15 01:08:48,324] [ForkServerProcess-5] Run : make_shares at node:4
[2024-08-15 01:08:48,336] [ForkServerProcess-5] RunR: builtin_fetch_meta at node:4
[2024-08-15 01:08:48,349] [ForkServerProcess-5] Run : make_shares at node:4
[2024-08-15 01:08:48,567] [ForkServerProcess-5] RunR: builtin_fetch_meta at node:4
[2024-08-15 01:08:48,581] [ForkServerProcess-5] Run : make_shares at node:4
[2024-08-15 01:08:48,593] [ForkServerProcess-5] RunR: builtin_fetch_meta at node:4
[2024-08-15 01:08:48,606] [ForkServerProcess-5] Run : make_shares at node:4
[2024-08-15 01:08:48,740] [ForkServerProcess-5] RunR: builtin_fetch_meta at node:4
[2024-08-15 01:08:48,753] [ForkServerProcess-5] Run : make_shares at node:4
[2024-08-15 01:08:48,765] [ForkServerProcess-5] RunR: builtin_fetch_meta at node:4
[2024-08-15 01:08:48,778] [ForkServerProcess-5] Run : make_shares at node:4
[2024-08-15 01:08:48,829] [ForkServerProcess-5] RunR: builtin_fetch_meta at node:4
[2024-08-15 01:08:48,842] [ForkServerProcess-5] Run : make_shares at node:4
[2024-08-15 01:08:48,855] [ForkServerProcess-5] RunR: builtin_fetch_meta at node:4
[2024-08-15 01:08:48,868] [ForkServerProcess-5] Run : make_shares at node:4
[2024-08-15 01:08:48,880] [ForkServerProcess-5] RunR: builtin_fetch_meta at node:4
[2024-08-15 01:08:48,893] [ForkServerProcess-5] Run : make_shares at node:4
[2024-08-15 01:08:48,906] [ForkServerProcess-5] RunR: builtin_fetch_meta at node:4
[2024-08-15 01:08:48,919] [ForkServerProcess-5] Run : make_shares at node:4
[2024-08-15 01:08:48,932] [ForkServerProcess-5] RunR: builtin_fetch_meta at node:4
[2024-08-15 01:08:48,945] [ForkServerProcess-5] Run : make_shares at node:4
[2024-08-15 01:08:48,959] [ForkServerProcess-5] RunR: builtin_fetch_meta at node:4
[2024-08-15 01:08:48,972] [ForkServerProcess-5] Run : make_shares at node:4
[2024-08-15 01:08:49,192] [ForkServerProcess-5] RunR: builtin_fetch_meta at node:4
[2024-08-15 01:08:49,206] [ForkServerProcess-5] Run : make_shares at node:4
[2024-08-15 01:08:49,219] [ForkServerProcess-5] RunR: builtin_fetch_meta at node:4
[2024-08-15 01:08:49,233] [ForkServerProcess-5] Run : make_shares at node:4
[2024-08-15 01:08:49,449] [ForkServerProcess-5] RunR: builtin_fetch_meta at node:4
[2024-08-15 01:08:49,462] [ForkServerProcess-5] Run : make_shares at node:4
[2024-08-15 01:08:49,474] [ForkServerProcess-5] RunR: builtin_fetch_meta at node:4
[2024-08-15 01:08:49,487] [ForkServerProcess-5] Run : make_shares at node:4
[2024-08-15 01:08:49,499] [ForkServerProcess-5] RunR: builtin_fetch_meta at node:4
[2024-08-15 01:08:49,512] [ForkServerProcess-5] Run : make_shares at node:4
[2024-08-15 01:08:49,577] [ForkServerProcess-5] RunR: builtin_fetch_meta at node:4
[2024-08-15 01:08:49,590] [ForkServerProcess-5] Run : make_shares at node:4
[2024-08-15 01:08:54,556] [ForkServerProcess-5] RunR: builtin_fetch_meta at node:4
[2024-08-15 01:09:07,909] [ForkServerProcess-1] Run : builtin_spu_run at node:0
[2024-08-15 01:09:07,911] [ForkServerProcess-2] Run : builtin_spu_run at node:1
[2024-08-15 01:09:07,913] [ForkServerProcess-3] Run : builtin_spu_run at node:2
[2024-08-15 01:09:07,937] [ForkServerProcess-4] RunR: builtin_fetch_object at node:3
[2024-08-15 01:09:07,939] [ForkServerProcess-4] RunR: builtin_fetch_object at node:3
[2024-08-15 01:09:07,940] [ForkServerProcess-4] RunR: builtin_fetch_object at node:3
[2024-08-15 01:09:07,971] [ForkServerProcess-5] RunR: builtin_fetch_object at node:4
[2024-08-15 01:09:07,973] [ForkServerProcess-5] RunR: builtin_fetch_object at node:4
[2024-08-15 01:09:07,974] [ForkServerProcess-5] RunR: builtin_fetch_object at node:4
[2024-08-15 01:09:07,985] [ForkServerProcess-5] RunR: builtin_fetch_object at node:4
[2024-08-15 01:09:08,042] [ForkServerProcess-5] RunR: builtin_fetch_object at node:4
[2024-08-15 01:09:08,070] [ForkServerProcess-5] RunR: builtin_fetch_object at node:4
[2024-08-15 01:09:09,236] [ForkServerProcess-5] RunR: builtin_fetch_object at node:4
[2024-08-15 01:09:09,339] [ForkServerProcess-5] RunR: builtin_fetch_object at node:4
[2024-08-15 01:09:09,941] [ForkServerProcess-5] RunR: builtin_fetch_object at node:4
[2024-08-15 01:09:09,945] [ForkServerProcess-5] RunR: builtin_fetch_object at node:4
[2024-08-15 01:09:09,995] [ForkServerProcess-5] RunR: builtin_fetch_object at node:4
[2024-08-15 01:09:09,995] [ForkServerProcess-5] RunR: builtin_fetch_object at node:4
[2024-08-15 01:09:10,069] [ForkServerProcess-5] RunR: builtin_fetch_object at node:4
[2024-08-15 01:09:10,069] [ForkServerProcess-5] RunR: builtin_fetch_object at node:4
[2024-08-15 01:09:10,137] [ForkServerProcess-5] RunR: builtin_fetch_object at node:4
[2024-08-15 01:09:10,138] [ForkServerProcess-5] RunR: builtin_fetch_object at node:4
[2024-08-15 01:09:10,265] [ForkServerProcess-5] RunR: builtin_fetch_object at node:4
[2024-08-15 01:09:10,328] [ForkServerProcess-5] RunR: builtin_fetch_object at node:4
[2024-08-15 01:09:10,388] [ForkServerProcess-5] RunR: builtin_fetch_object at node:4
[2024-08-15 01:09:10,462] [ForkServerProcess-5] RunR: builtin_fetch_object at node:4
[2024-08-15 01:09:10,463] [ForkServerProcess-5] RunR: builtin_fetch_object at node:4
[2024-08-15 01:09:10,587] [ForkServerProcess-5] RunR: builtin_fetch_object at node:4
[2024-08-15 01:09:10,588] [ForkServerProcess-5] RunR: builtin_fetch_object at node:4
[2024-08-15 01:09:10,654] [ForkServerProcess-5] RunR: builtin_fetch_object at node:4
[2024-08-15 01:09:10,655] [ForkServerProcess-5] RunR: builtin_fetch_object at node:4
[2024-08-15 01:09:10,684] [ForkServerProcess-5] RunR: builtin_fetch_object at node:4
[2024-08-15 01:09:10,684] [ForkServerProcess-5] RunR: builtin_fetch_object at node:4
[2024-08-15 01:09:10,785] [ForkServerProcess-5] RunR: builtin_fetch_object at node:4
[2024-08-15 01:09:10,847] [ForkServerProcess-5] RunR: builtin_fetch_object at node:4
[2024-08-15 01:09:10,986] [ForkServerProcess-5] RunR: builtin_fetch_object at node:4
[2024-08-15 01:09:12,049] [ForkServerProcess-5] RunR: builtin_fetch_object at node:4
[2024-08-15 01:09:12,179] [ForkServerProcess-5] RunR: builtin_fetch_object at node:4
[2024-08-15 01:09:12,953] [ForkServerProcess-5] RunR: builtin_fetch_object at node:4
[2024-08-15 01:09:13,059] [ForkServerProcess-5] RunR: builtin_fetch_object at node:4
[2024-08-15 01:09:13,136] [ForkServerProcess-5] RunR: builtin_fetch_object at node:4
[2024-08-15 01:09:13,297] [ForkServerProcess-5] RunR: builtin_fetch_object at node:4
[2024-08-15 01:09:14,247] [ForkServerProcess-5] RunR: builtin_fetch_object at node:4
[2024-08-15 01:09:14,379] [ForkServerProcess-5] RunR: builtin_fetch_object at node:4
[2024-08-15 01:09:15,283] [ForkServerProcess-5] RunR: builtin_fetch_object at node:4
[2024-08-15 01:09:15,401] [ForkServerProcess-5] RunR: builtin_fetch_object at node:4
[2024-08-15 01:09:15,524] [ForkServerProcess-5] RunR: builtin_fetch_object at node:4
[2024-08-15 01:09:15,647] [ForkServerProcess-5] RunR: builtin_fetch_object at node:4
[2024-08-15 01:09:15,959] [ForkServerProcess-5] RunR: builtin_fetch_object at node:4
[2024-08-15 01:09:16,096] [ForkServerProcess-5] RunR: builtin_fetch_object at node:4
[2024-08-15 01:09:16,840] [ForkServerProcess-5] RunR: builtin_fetch_object at node:4
[2024-08-15 01:09:16,842] [ForkServerProcess-5] RunR: builtin_fetch_object at node:4
[2024-08-15 01:09:16,907] [ForkServerProcess-5] RunR: builtin_fetch_object at node:4
[2024-08-15 01:09:16,926] [ForkServerProcess-5] RunR: builtin_fetch_object at node:4
[2024-08-15 01:09:16,993] [ForkServerProcess-5] RunR: builtin_fetch_object at node:4
[2024-08-15 01:09:17,053] [ForkServerProcess-5] RunR: builtin_fetch_object at node:4
[2024-08-15 01:09:17,059] [ForkServerProcess-5] RunR: builtin_fetch_object at node:4
[2024-08-15 01:09:17,118] [ForkServerProcess-5] RunR: builtin_fetch_object at node:4
[2024-08-15 01:09:17,188] [ForkServerProcess-5] RunR: builtin_fetch_object at node:4
[2024-08-15 01:09:17,255] [ForkServerProcess-5] RunR: builtin_fetch_object at node:4
[2024-08-15 01:09:17,314] [ForkServerProcess-5] RunR: builtin_fetch_object at node:4
[2024-08-15 01:09:17,385] [ForkServerProcess-5] RunR: builtin_fetch_object at node:4
[2024-08-15 01:09:17,387] [ForkServerProcess-5] RunR: builtin_fetch_object at node:4
[2024-08-15 01:09:17,511] [ForkServerProcess-5] RunR: builtin_fetch_object at node:4
[2024-08-15 01:09:17,515] [ForkServerProcess-5] RunR: builtin_fetch_object at node:4
[2024-08-15 01:09:17,577] [ForkServerProcess-5] RunR: builtin_fetch_object at node:4
[2024-08-15 01:09:17,580] [ForkServerProcess-5] RunR: builtin_fetch_object at node:4
[2024-08-15 01:09:17,606] [ForkServerProcess-5] RunR: builtin_fetch_object at node:4
[2024-08-15 01:09:17,644] [ForkServerProcess-5] RunR: builtin_fetch_object at node:4
[2024-08-15 01:09:17,703] [ForkServerProcess-5] RunR: builtin_fetch_object at node:4
[2024-08-15 01:09:17,762] [ForkServerProcess-5] RunR: builtin_fetch_object at node:4
[2024-08-15 01:09:17,888] [ForkServerProcess-5] RunR: builtin_fetch_object at node:4
[2024-08-15 01:09:19,024] [ForkServerProcess-5] RunR: builtin_fetch_object at node:4
[2024-08-15 01:09:19,153] [ForkServerProcess-5] RunR: builtin_fetch_object at node:4
[2024-08-15 01:09:19,903] [ForkServerProcess-5] RunR: builtin_fetch_object at node:4
[2024-08-15 01:09:19,980] [ForkServerProcess-5] RunR: builtin_fetch_object at node:4
[2024-08-15 01:09:20,059] [ForkServerProcess-5] RunR: builtin_fetch_object at node:4
[2024-08-15 01:09:20,218] [ForkServerProcess-5] RunR: builtin_fetch_object at node:4
[2024-08-15 01:09:21,287] [ForkServerProcess-5] RunR: builtin_fetch_object at node:4
[2024-08-15 01:09:21,411] [ForkServerProcess-5] RunR: builtin_fetch_object at node:4
[2024-08-15 01:09:22,169] [ForkServerProcess-5] RunR: builtin_fetch_object at node:4
[2024-08-15 01:09:22,253] [ForkServerProcess-5] RunR: builtin_fetch_object at node:4
[2024-08-15 01:09:22,376] [ForkServerProcess-5] RunR: builtin_fetch_object at node:4
[2024-08-15 01:09:22,536] [ForkServerProcess-5] RunR: builtin_fetch_object at node:4
[2024-08-15 01:09:22,888] [ForkServerProcess-5] RunR: builtin_fetch_object at node:4
[2024-08-15 01:09:23,067] [ForkServerProcess-5] RunR: builtin_fetch_object at node:4
[2024-08-15 01:09:23,720] [ForkServerProcess-5] RunR: builtin_fetch_object at node:4
[2024-08-15 01:09:23,781] [ForkServerProcess-5] RunR: builtin_fetch_object at node:4
[2024-08-15 01:09:23,813] [ForkServerProcess-5] RunR: builtin_fetch_object at node:4
[2024-08-15 01:09:23,839] [ForkServerProcess-5] RunR: builtin_fetch_object at node:4
[2024-08-15 01:09:23,851] [ForkServerProcess-5] RunR: builtin_fetch_object at node:4
[2024-08-15 01:09:23,921] [ForkServerProcess-5] RunR: builtin_fetch_object at node:4
[2024-08-15 01:09:23,922] [ForkServerProcess-5] RunR: builtin_fetch_object at node:4
[2024-08-15 01:09:23,989] [ForkServerProcess-5] RunR: builtin_fetch_object at node:4
[2024-08-15 01:09:23,994] [ForkServerProcess-5] RunR: builtin_fetch_object at node:4
[2024-08-15 01:09:24,117] [ForkServerProcess-5] RunR: builtin_fetch_object at node:4
[2024-08-15 01:09:24,180] [ForkServerProcess-5] RunR: builtin_fetch_object at node:4
[2024-08-15 01:09:24,368] [ForkServerProcess-5] RunR: builtin_fetch_object at node:4
[2024-08-15 01:09:24,448] [ForkServerProcess-5] RunR: builtin_fetch_object at node:4
[2024-08-15 01:09:24,448] [ForkServerProcess-5] RunR: builtin_fetch_object at node:4
[2024-08-15 01:09:24,524] [ForkServerProcess-5] RunR: builtin_fetch_object at node:4
[2024-08-15 01:09:24,524] [ForkServerProcess-5] RunR: builtin_fetch_object at node:4
[2024-08-15 01:09:24,624] [ForkServerProcess-5] RunR: builtin_fetch_object at node:4
[2024-08-15 01:09:24,625] [ForkServerProcess-5] RunR: builtin_fetch_object at node:4
[2024-08-15 01:09:24,678] [ForkServerProcess-5] RunR: builtin_fetch_object at node:4
[2024-08-15 01:09:24,678] [ForkServerProcess-5] RunR: builtin_fetch_object at node:4
[2024-08-15 01:09:24,845] [ForkServerProcess-5] RunR: builtin_fetch_object at node:4
[2024-08-15 01:09:24,981] [ForkServerProcess-5] RunR: builtin_fetch_object at node:4
[2024-08-15 01:09:25,539] [ForkServerProcess-5] RunR: builtin_fetch_object at node:4
[2024-08-15 01:09:25,684] [ForkServerProcess-5] RunR: builtin_fetch_object at node:4
[2024-08-15 01:09:26,872] [ForkServerProcess-5] RunR: builtin_fetch_object at node:4
[2024-08-15 01:09:27,005] [ForkServerProcess-5] RunR: builtin_fetch_object at node:4
[2024-08-15 01:09:27,138] [ForkServerProcess-5] RunR: builtin_fetch_object at node:4
[2024-08-15 01:09:27,281] [ForkServerProcess-5] RunR: builtin_fetch_object at node:4
[2024-08-15 01:09:27,788] [ForkServerProcess-5] RunR: builtin_fetch_object at node:4
[2024-08-15 01:09:27,975] [ForkServerProcess-5] RunR: builtin_fetch_object at node:4
[2024-08-15 01:09:29,193] [ForkServerProcess-5] RunR: builtin_fetch_object at node:4
[2024-08-15 01:09:29,300] [ForkServerProcess-5] RunR: builtin_fetch_object at node:4
[2024-08-15 01:09:29,426] [ForkServerProcess-5] RunR: builtin_fetch_object at node:4
[2024-08-15 01:09:29,498] [ForkServerProcess-5] RunR: builtin_fetch_object at node:4
[2024-08-15 01:09:29,514] [ForkServerProcess-5] RunR: builtin_fetch_object at node:4
[2024-08-15 01:09:29,651] [ForkServerProcess-5] RunR: builtin_fetch_object at node:4
[2024-08-15 01:09:30,386] [ForkServerProcess-5] RunR: builtin_fetch_object at node:4
[2024-08-15 01:09:30,545] [ForkServerProcess-5] RunR: builtin_fetch_object at node:4
[2024-08-15 01:09:30,629] [ForkServerProcess-5] RunR: builtin_fetch_object at node:4
[2024-08-15 01:09:30,630] [ForkServerProcess-5] RunR: builtin_fetch_object at node:4
[2024-08-15 01:09:30,696] [ForkServerProcess-5] RunR: builtin_fetch_object at node:4
[2024-08-15 01:09:30,707] [ForkServerProcess-5] RunR: builtin_fetch_object at node:4
[2024-08-15 01:09:30,774] [ForkServerProcess-5] RunR: builtin_fetch_object at node:4
[2024-08-15 01:09:30,775] [ForkServerProcess-5] RunR: builtin_fetch_object at node:4
[2024-08-15 01:09:30,841] [ForkServerProcess-5] RunR: builtin_fetch_object at node:4
[2024-08-15 01:09:30,853] [ForkServerProcess-5] RunR: builtin_fetch_object at node:4
[2024-08-15 01:09:31,160] [ForkServerProcess-5] RunR: builtin_fetch_object at node:4
[2024-08-15 01:09:31,291] [ForkServerProcess-5] RunR: builtin_fetch_object at node:4
[2024-08-15 01:09:31,353] [ForkServerProcess-5] RunR: builtin_fetch_object at node:4
[2024-08-15 01:09:31,411] [ForkServerProcess-5] RunR: builtin_fetch_object at node:4
[2024-08-15 01:09:31,420] [ForkServerProcess-5] RunR: builtin_fetch_object at node:4
[2024-08-15 01:09:31,477] [ForkServerProcess-5] RunR: builtin_fetch_object at node:4
[2024-08-15 01:09:31,537] [ForkServerProcess-5] RunR: builtin_fetch_object at node:4
[2024-08-15 01:09:31,537] [ForkServerProcess-5] RunR: builtin_fetch_object at node:4
[2024-08-15 01:09:31,609] [ForkServerProcess-5] RunR: builtin_fetch_object at node:4
[2024-08-15 01:09:31,628] [ForkServerProcess-5] RunR: builtin_fetch_object at node:4
[2024-08-15 01:09:31,757] [ForkServerProcess-5] RunR: builtin_fetch_object at node:4
[2024-08-15 01:09:31,910] [ForkServerProcess-5] RunR: builtin_fetch_object at node:4
[2024-08-15 01:09:32,361] [ForkServerProcess-5] RunR: builtin_fetch_object at node:4
[2024-08-15 01:09:32,514] [ForkServerProcess-5] RunR: builtin_fetch_object at node:4
[2024-08-15 01:09:33,677] [ForkServerProcess-5] RunR: builtin_fetch_object at node:4
[2024-08-15 01:09:33,808] [ForkServerProcess-5] RunR: builtin_fetch_object at node:4
[2024-08-15 01:09:34,084] [ForkServerProcess-5] RunR: builtin_fetch_object at node:4
[2024-08-15 01:09:34,229] [ForkServerProcess-5] RunR: builtin_fetch_object at node:4
[2024-08-15 01:09:34,592] [ForkServerProcess-5] RunR: builtin_fetch_object at node:4
[2024-08-15 01:09:34,752] [ForkServerProcess-5] RunR: builtin_fetch_object at node:4
[2024-08-15 01:09:35,890] [ForkServerProcess-5] RunR: builtin_fetch_object at node:4
[2024-08-15 01:09:36,030] [ForkServerProcess-5] RunR: builtin_fetch_object at node:4
[2024-08-15 01:09:36,351] [ForkServerProcess-5] RunR: builtin_fetch_object at node:4
[2024-08-15 01:09:36,428] [ForkServerProcess-5] RunR: builtin_fetch_object at node:4
[2024-08-15 01:09:36,444] [ForkServerProcess-5] RunR: builtin_fetch_object at node:4
[2024-08-15 01:09:36,519] [ForkServerProcess-5] RunR: builtin_fetch_object at node:4
[2024-08-15 01:09:37,271] [ForkServerProcess-5] RunR: builtin_fetch_object at node:4
[2024-08-15 01:09:37,359] [ForkServerProcess-5] RunR: builtin_fetch_object at node:4
[2024-08-15 01:09:37,412] [ForkServerProcess-5] RunR: builtin_fetch_object at node:4
[2024-08-15 01:09:37,477] [ForkServerProcess-5] RunR: builtin_fetch_object at node:4
[2024-08-15 01:09:37,491] [ForkServerProcess-5] RunR: builtin_fetch_object at node:4
[2024-08-15 01:09:37,624] [ForkServerProcess-5] RunR: builtin_fetch_object at node:4
[2024-08-15 01:09:37,684] [ForkServerProcess-5] RunR: builtin_fetch_object at node:4
[2024-08-15 01:09:37,745] [ForkServerProcess-5] RunR: builtin_fetch_object at node:4
[2024-08-15 01:09:37,752] [ForkServerProcess-5] RunR: builtin_fetch_object at node:4
[2024-08-15 01:09:37,770] [ForkServerProcess-5] RunR: builtin_fetch_object at node:4
[2024-08-15 01:09:37,809] [ForkServerProcess-5] RunR: builtin_fetch_object at node:4
[2024-08-15 01:09:37,958] [ForkServerProcess-5] RunR: builtin_fetch_object at node:4
[2024-08-15 01:09:38,142] [ForkServerProcess-5] RunR: builtin_fetch_object at node:4
[2024-08-15 01:09:38,174] [ForkServerProcess-5] RunR: builtin_fetch_object at node:4
[2024-08-15 01:09:38,210] [ForkServerProcess-5] RunR: builtin_fetch_object at node:4
[2024-08-15 01:09:38,272] [ForkServerProcess-5] RunR: builtin_fetch_object at node:4
[2024-08-15 01:09:38,281] [ForkServerProcess-5] RunR: builtin_fetch_object at node:4
[2024-08-15 01:09:38,343] [ForkServerProcess-5] RunR: builtin_fetch_object at node:4
[2024-08-15 01:09:38,392] [ForkServerProcess-5] RunR: builtin_fetch_object at node:4
[2024-08-15 01:09:38,531] [ForkServerProcess-5] RunR: builtin_fetch_object at node:4
[2024-08-15 01:09:38,697] [ForkServerProcess-5] RunR: builtin_fetch_object at node:4
[2024-08-15 01:09:38,831] [ForkServerProcess-5] RunR: builtin_fetch_object at node:4
[2024-08-15 01:09:39,346] [ForkServerProcess-5] RunR: builtin_fetch_object at node:4
[2024-08-15 01:09:39,478] [ForkServerProcess-5] RunR: builtin_fetch_object at node:4
[2024-08-15 01:09:40,363] [ForkServerProcess-5] RunR: builtin_fetch_object at node:4
[2024-08-15 01:09:40,498] [ForkServerProcess-5] RunR: builtin_fetch_object at node:4
[2024-08-15 01:09:40,868] [ForkServerProcess-5] RunR: builtin_fetch_object at node:4
[2024-08-15 01:09:41,040] [ForkServerProcess-5] RunR: builtin_fetch_object at node:4
[2024-08-15 01:09:41,702] [ForkServerProcess-5] RunR: builtin_fetch_object at node:4
[2024-08-15 01:09:41,837] [ForkServerProcess-5] RunR: builtin_fetch_object at node:4
[2024-08-15 01:09:42,679] [ForkServerProcess-5] RunR: builtin_fetch_object at node:4
[2024-08-15 01:09:42,803] [ForkServerProcess-5] RunR: builtin_fetch_object at node:4
[2024-08-15 01:09:43,145] [ForkServerProcess-5] RunR: builtin_fetch_object at node:4
[2024-08-15 01:09:43,271] [ForkServerProcess-5] RunR: builtin_fetch_object at node:4
[2024-08-15 01:09:43,326] [ForkServerProcess-5] RunR: builtin_fetch_object at node:4
[2024-08-15 01:09:43,516] [ForkServerProcess-5] RunR: builtin_fetch_object at node:4
[2024-08-15 01:09:44,212] [ForkServerProcess-5] RunR: builtin_fetch_object at node:4
[2024-08-15 01:09:44,270] [ForkServerProcess-5] RunR: builtin_fetch_object at node:4
[2024-08-15 01:09:44,324] [ForkServerProcess-5] RunR: builtin_fetch_object at node:4
[2024-08-15 01:09:44,334] [ForkServerProcess-5] RunR: builtin_fetch_object at node:4
[2024-08-15 01:09:44,392] [ForkServerProcess-5] RunR: builtin_fetch_object at node:4
[2024-08-15 01:09:44,532] [ForkServerProcess-5] RunR: builtin_fetch_object at node:4
[2024-08-15 01:09:44,533] [ForkServerProcess-5] RunR: builtin_fetch_object at node:4
[2024-08-15 01:09:44,601] [ForkServerProcess-5] RunR: builtin_fetch_object at node:4
[2024-08-15 01:09:44,601] [ForkServerProcess-5] RunR: builtin_fetch_object at node:4
[2024-08-15 01:09:44,684] [ForkServerProcess-5] RunR: builtin_fetch_object at node:4
[2024-08-15 01:09:44,720] [ForkServerProcess-5] RunR: builtin_fetch_object at node:4
[2024-08-15 01:09:44,790] [ForkServerProcess-5] RunR: builtin_fetch_object at node:4
[2024-08-15 01:09:44,882] [ForkServerProcess-5] RunR: builtin_fetch_object at node:4
[2024-08-15 01:09:44,948] [ForkServerProcess-5] RunR: builtin_fetch_object at node:4
[2024-08-15 01:09:45,010] [ForkServerProcess-5] RunR: builtin_fetch_object at node:4
[2024-08-15 01:09:45,022] [ForkServerProcess-5] RunR: builtin_fetch_object at node:4
[2024-08-15 01:09:45,038] [ForkServerProcess-5] RunR: builtin_fetch_object at node:4
[2024-08-15 01:09:45,098] [ForkServerProcess-5] RunR: builtin_fetch_object at node:4
[2024-08-15 01:09:45,129] [ForkServerProcess-5] RunR: builtin_fetch_object at node:4
[2024-08-15 01:09:45,214] [ForkServerProcess-5] RunR: builtin_fetch_object at node:4
[2024-08-15 01:09:45,342] [ForkServerProcess-5] RunR: builtin_fetch_object at node:4
[2024-08-15 01:09:45,467] [ForkServerProcess-5] RunR: builtin_fetch_object at node:4
[2024-08-15 01:09:46,347] [ForkServerProcess-5] RunR: builtin_fetch_object at node:4
[2024-08-15 01:09:46,500] [ForkServerProcess-5] RunR: builtin_fetch_object at node:4
[2024-08-15 01:09:47,250] [ForkServerProcess-5] RunR: builtin_fetch_object at node:4
[2024-08-15 01:09:47,392] [ForkServerProcess-5] RunR: builtin_fetch_object at node:4
[2024-08-15 01:09:47,572] [ForkServerProcess-5] RunR: builtin_fetch_object at node:4
[2024-08-15 01:09:47,715] [ForkServerProcess-5] RunR: builtin_fetch_object at node:4
[2024-08-15 01:09:48,611] [ForkServerProcess-5] RunR: builtin_fetch_object at node:4
[2024-08-15 01:09:48,774] [ForkServerProcess-5] RunR: builtin_fetch_object at node:4
[2024-08-15 01:09:49,598] [ForkServerProcess-5] RunR: builtin_fetch_object at node:4
[2024-08-15 01:09:49,734] [ForkServerProcess-5] RunR: builtin_fetch_object at node:4
[2024-08-15 01:09:49,895] [ForkServerProcess-5] RunR: builtin_fetch_object at node:4
[2024-08-15 01:09:50,033] [ForkServerProcess-5] RunR: builtin_fetch_object at node:4
[2024-08-15 01:09:50,207] [ForkServerProcess-5] RunR: builtin_fetch_object at node:4
[2024-08-15 01:09:50,330] [ForkServerProcess-5] RunR: builtin_fetch_object at node:4
[2024-08-15 01:09:51,053] [ForkServerProcess-5] RunR: builtin_fetch_object at node:4
[2024-08-15 01:09:51,190] [ForkServerProcess-5] RunR: builtin_fetch_object at node:4
[2024-08-15 01:09:51,192] [ForkServerProcess-5] RunR: builtin_fetch_object at node:4
[2024-08-15 01:09:51,256] [ForkServerProcess-5] RunR: builtin_fetch_object at node:4
[2024-08-15 01:09:51,273] [ForkServerProcess-5] RunR: builtin_fetch_object at node:4
[2024-08-15 01:09:51,295] [ForkServerProcess-5] RunR: builtin_fetch_object at node:4
[2024-08-15 01:09:51,360] [ForkServerProcess-5] RunR: builtin_fetch_object at node:4
[2024-08-15 01:09:51,420] [ForkServerProcess-5] RunR: builtin_fetch_object at node:4
[2024-08-15 01:09:51,427] [ForkServerProcess-5] RunR: builtin_fetch_object at node:4
[2024-08-15 01:09:51,485] [ForkServerProcess-5] RunR: builtin_fetch_object at node:4
[2024-08-15 01:09:51,659] [ForkServerProcess-5] RunR: builtin_fetch_object at node:4
[2024-08-15 01:09:51,782] [ForkServerProcess-5] RunR: builtin_fetch_object at node:4
[2024-08-15 01:09:51,880] [ForkServerProcess-5] RunR: builtin_fetch_object at node:4
[2024-08-15 01:09:51,941] [ForkServerProcess-5] RunR: builtin_fetch_object at node:4
[2024-08-15 01:09:51,955] [ForkServerProcess-5] RunR: builtin_fetch_object at node:4
[2024-08-15 01:09:52,003] [ForkServerProcess-5] RunR: builtin_fetch_object at node:4
[2024-08-15 01:09:52,060] [ForkServerProcess-5] RunR: builtin_fetch_object at node:4
[2024-08-15 01:09:52,075] [ForkServerProcess-5] RunR: builtin_fetch_object at node:4
[2024-08-15 01:09:52,128] [ForkServerProcess-5] RunR: builtin_fetch_object at node:4
[2024-08-15 01:09:52,172] [ForkServerProcess-5] RunR: builtin_fetch_object at node:4
[2024-08-15 01:09:52,306] [ForkServerProcess-5] RunR: builtin_fetch_object at node:4
[2024-08-15 01:09:52,437] [ForkServerProcess-5] RunR: builtin_fetch_object at node:4
[2024-08-15 01:09:52,986] [ForkServerProcess-5] RunR: builtin_fetch_object at node:4
[2024-08-15 01:09:53,122] [ForkServerProcess-5] RunR: builtin_fetch_object at node:4
[2024-08-15 01:09:54,248] [ForkServerProcess-5] RunR: builtin_fetch_object at node:4
[2024-08-15 01:09:54,393] [ForkServerProcess-5] RunR: builtin_fetch_object at node:4
[2024-08-15 01:09:54,561] [ForkServerProcess-5] RunR: builtin_fetch_object at node:4
[2024-08-15 01:09:54,688] [ForkServerProcess-5] RunR: builtin_fetch_object at node:4
[2024-08-15 01:09:55,272] [ForkServerProcess-5] RunR: builtin_fetch_object at node:4
[2024-08-15 01:09:55,405] [ForkServerProcess-5] RunR: builtin_fetch_object at node:4
[2024-08-15 01:09:56,520] [ForkServerProcess-5] RunR: builtin_fetch_object at node:4
[2024-08-15 01:09:56,649] [ForkServerProcess-5] RunR: builtin_fetch_object at node:4
[2024-08-15 01:09:56,815] [ForkServerProcess-5] RunR: builtin_fetch_object at node:4
[2024-08-15 01:09:56,922] [ForkServerProcess-5] RunR: builtin_fetch_object at node:4
[2024-08-15 01:09:56,993] [ForkServerProcess-5] RunR: builtin_fetch_object at node:4
[2024-08-15 01:09:57,168] [ForkServerProcess-5] RunR: builtin_fetch_object at node:4
[2024-08-15 01:09:57,874] [ForkServerProcess-5] RunR: builtin_fetch_object at node:4
[2024-08-15 01:09:57,985] [ForkServerProcess-5] RunR: builtin_fetch_object at node:4
[2024-08-15 01:09:58,050] [ForkServerProcess-5] RunR: builtin_fetch_object at node:4
[2024-08-15 01:09:58,110] [ForkServerProcess-5] RunR: builtin_fetch_object at node:4
[2024-08-15 01:09:58,118] [ForkServerProcess-5] RunR: builtin_fetch_object at node:4
[2024-08-15 01:09:58,134] [ForkServerProcess-5] RunR: builtin_fetch_object at node:4
[2024-08-15 01:09:58,196] [ForkServerProcess-5] RunR: builtin_fetch_object at node:4
[2024-08-15 01:09:58,256] [ForkServerProcess-5] RunR: builtin_fetch_object at node:4
[2024-08-15 01:09:58,263] [ForkServerProcess-5] RunR: builtin_fetch_object at node:4
[2024-08-15 01:09:58,324] [ForkServerProcess-5] RunR: builtin_fetch_object at node:4
[2024-08-15 01:09:58,491] [ForkServerProcess-5] RunR: builtin_fetch_object at node:4
[2024-08-15 01:09:58,617] [ForkServerProcess-5] RunR: builtin_fetch_object at node:4
[2024-08-15 01:09:58,716] [ForkServerProcess-5] RunR: builtin_fetch_object at node:4
[2024-08-15 01:09:58,772] [ForkServerProcess-5] RunR: builtin_fetch_object at node:4
[2024-08-15 01:09:58,793] [ForkServerProcess-5] RunR: builtin_fetch_object at node:4
[2024-08-15 01:09:58,839] [ForkServerProcess-5] RunR: builtin_fetch_object at node:4
[2024-08-15 01:09:58,893] [ForkServerProcess-5] RunR: builtin_fetch_object at node:4
[2024-08-15 01:09:58,914] [ForkServerProcess-5] RunR: builtin_fetch_object at node:4
[2024-08-15 01:09:58,960] [ForkServerProcess-5] RunR: builtin_fetch_object at node:4
[2024-08-15 01:09:59,005] [ForkServerProcess-5] RunR: builtin_fetch_object at node:4
[2024-08-15 01:09:59,131] [ForkServerProcess-5] RunR: builtin_fetch_object at node:4
[2024-08-15 01:09:59,268] [ForkServerProcess-5] RunR: builtin_fetch_object at node:4
[2024-08-15 01:09:59,834] [ForkServerProcess-5] RunR: builtin_fetch_object at node:4
[2024-08-15 01:09:59,973] [ForkServerProcess-5] RunR: builtin_fetch_object at node:4
[2024-08-15 01:10:01,093] [ForkServerProcess-5] RunR: builtin_fetch_object at node:4
[2024-08-15 01:10:01,224] [ForkServerProcess-5] RunR: builtin_fetch_object at node:4
[2024-08-15 01:10:01,394] [ForkServerProcess-5] RunR: builtin_fetch_object at node:4
[2024-08-15 01:10:01,535] [ForkServerProcess-5] RunR: builtin_fetch_object at node:4
[2024-08-15 01:10:02,103] [ForkServerProcess-5] RunR: builtin_fetch_object at node:4
[2024-08-15 01:10:02,250] [ForkServerProcess-5] RunR: builtin_fetch_object at node:4
[2024-08-15 01:10:03,361] [ForkServerProcess-5] RunR: builtin_fetch_object at node:4
[2024-08-15 01:10:03,487] [ForkServerProcess-5] RunR: builtin_fetch_object at node:4
[2024-08-15 01:10:03,641] [ForkServerProcess-5] RunR: builtin_fetch_object at node:4
[2024-08-15 01:10:03,758] [ForkServerProcess-5] RunR: builtin_fetch_object at node:4
[2024-08-15 01:10:03,899] [ForkServerProcess-5] RunR: builtin_fetch_object at node:4
[2024-08-15 01:10:04,023] [ForkServerProcess-5] RunR: builtin_fetch_object at node:4
[2024-08-15 01:10:04,820] [ForkServerProcess-5] RunR: builtin_fetch_object at node:4
[2024-08-15 01:10:04,884] [ForkServerProcess-5] RunR: builtin_fetch_object at node:4
[2024-08-15 01:10:04,944] [ForkServerProcess-5] RunR: builtin_fetch_object at node:4
[2024-08-15 01:10:04,950] [ForkServerProcess-5] RunR: builtin_fetch_object at node:4
[2024-08-15 01:10:04,967] [ForkServerProcess-5] RunR: builtin_fetch_object at node:4
[2024-08-15 01:10:05,030] [ForkServerProcess-5] RunR: builtin_fetch_object at node:4
[2024-08-15 01:10:05,090] [ForkServerProcess-5] RunR: builtin_fetch_object at node:4
[2024-08-15 01:10:05,097] [ForkServerProcess-5] RunR: builtin_fetch_object at node:4
[2024-08-15 01:10:05,157] [ForkServerProcess-5] RunR: builtin_fetch_object at node:4
[2024-08-15 01:10:05,289] [ForkServerProcess-5] RunR: builtin_fetch_object at node:4
[2024-08-15 01:10:05,331] [ForkServerProcess-5] RunR: builtin_fetch_object at node:4
[2024-08-15 01:10:05,424] [ForkServerProcess-5] RunR: builtin_fetch_object at node:4
[2024-08-15 01:10:05,490] [ForkServerProcess-5] RunR: builtin_fetch_object at node:4
[2024-08-15 01:10:05,548] [ForkServerProcess-5] RunR: builtin_fetch_object at node:4
[2024-08-15 01:10:05,563] [ForkServerProcess-5] RunR: builtin_fetch_object at node:4
[2024-08-15 01:10:05,579] [ForkServerProcess-5] RunR: builtin_fetch_object at node:4
[2024-08-15 01:10:05,639] [ForkServerProcess-5] RunR: builtin_fetch_object at node:4
[2024-08-15 01:10:05,680] [ForkServerProcess-5] RunR: builtin_fetch_object at node:4
[2024-08-15 01:10:05,741] [ForkServerProcess-5] RunR: builtin_fetch_object at node:4
[2024-08-15 01:10:05,755] [ForkServerProcess-5] RunR: builtin_fetch_object at node:4
[2024-08-15 01:10:05,808] [ForkServerProcess-5] RunR: builtin_fetch_object at node:4
[2024-08-15 01:10:05,993] [ForkServerProcess-5] RunR: builtin_fetch_object at node:4
[2024-08-15 01:10:06,823] [ForkServerProcess-5] RunR: builtin_fetch_object at node:4
[2024-08-15 01:10:06,977] [ForkServerProcess-5] RunR: builtin_fetch_object at node:4
[2024-08-15 01:10:07,887] [ForkServerProcess-5] RunR: builtin_fetch_object at node:4
[2024-08-15 01:10:08,015] [ForkServerProcess-5] RunR: builtin_fetch_object at node:4
[2024-08-15 01:10:08,137] [ForkServerProcess-5] RunR: builtin_fetch_object at node:4
[2024-08-15 01:10:08,290] [ForkServerProcess-5] RunR: builtin_fetch_object at node:4
[2024-08-15 01:10:09,023] [ForkServerProcess-5] RunR: builtin_fetch_object at node:4
[2024-08-15 01:10:09,155] [ForkServerProcess-5] RunR: builtin_fetch_object at node:4
[2024-08-15 01:10:10,199] [ForkServerProcess-5] RunR: builtin_fetch_object at node:4
[2024-08-15 01:10:10,327] [ForkServerProcess-5] RunR: builtin_fetch_object at node:4
[2024-08-15 01:10:10,474] [ForkServerProcess-5] RunR: builtin_fetch_object at node:4
[2024-08-15 01:10:10,679] [ForkServerProcess-5] RunR: builtin_fetch_object at node:4
[2024-08-15 01:10:10,712] [ForkServerProcess-5] RunR: builtin_fetch_object at node:4
[2024-08-15 01:10:10,843] [ForkServerProcess-5] RunR: builtin_fetch_object at node:4
[2024-08-15 01:10:11,531] [ForkServerProcess-5] RunR: builtin_fetch_object at node:4
[2024-08-15 01:10:11,668] [ForkServerProcess-5] RunR: builtin_fetch_object at node:4
[2024-08-15 01:10:11,675] [ForkServerProcess-5] RunR: builtin_fetch_object at node:4
[2024-08-15 01:10:11,736] [ForkServerProcess-5] RunR: builtin_fetch_object at node:4
[2024-08-15 01:10:11,741] [ForkServerProcess-5] RunR: builtin_fetch_object at node:4
[2024-08-15 01:10:11,865] [ForkServerProcess-5] RunR: builtin_fetch_object at node:4
[2024-08-15 01:10:11,939] [ForkServerProcess-5] RunR: builtin_fetch_object at node:4
[2024-08-15 01:10:11,939] [ForkServerProcess-5] RunR: builtin_fetch_object at node:4
[2024-08-15 01:10:12,007] [ForkServerProcess-5] RunR: builtin_fetch_object at node:4
[2024-08-15 01:10:12,007] [ForkServerProcess-5] RunR: builtin_fetch_object at node:4
[2024-08-15 01:10:12,086] [ForkServerProcess-5] RunR: builtin_fetch_object at node:4
[2024-08-15 01:10:12,249] [ForkServerProcess-5] RunR: builtin_fetch_object at node:4
[2024-08-15 01:10:12,391] [ForkServerProcess-5] RunR: builtin_fetch_object at node:4
[2024-08-15 01:10:12,427] [ForkServerProcess-5] RunR: builtin_fetch_object at node:4
[2024-08-15 01:10:12,461] [ForkServerProcess-5] RunR: builtin_fetch_object at node:4
[2024-08-15 01:10:12,522] [ForkServerProcess-5] RunR: builtin_fetch_object at node:4
[2024-08-15 01:10:12,528] [ForkServerProcess-5] RunR: builtin_fetch_object at node:4
[2024-08-15 01:10:12,590] [ForkServerProcess-5] RunR: builtin_fetch_object at node:4
[2024-08-15 01:10:12,647] [ForkServerProcess-5] RunR: builtin_fetch_object at node:4
[2024-08-15 01:10:12,824] [ForkServerProcess-5] RunR: builtin_fetch_object at node:4
[2024-08-15 01:10:12,998] [ForkServerProcess-5] RunR: builtin_fetch_object at node:4
[2024-08-15 01:10:13,124] [ForkServerProcess-5] RunR: builtin_fetch_object at node:4
[2024-08-15 01:10:13,498] [ForkServerProcess-5] RunR: builtin_fetch_object at node:4
[2024-08-15 01:10:13,642] [ForkServerProcess-5] RunR: builtin_fetch_object at node:4
[2024-08-15 01:10:14,556] [ForkServerProcess-5] RunR: builtin_fetch_object at node:4
[2024-08-15 01:10:14,720] [ForkServerProcess-5] RunR: builtin_fetch_object at node:4
[2024-08-15 01:10:15,368] [ForkServerProcess-5] RunR: builtin_fetch_object at node:4
[2024-08-15 01:10:15,510] [ForkServerProcess-5] RunR: builtin_fetch_object at node:4
[2024-08-15 01:10:15,690] [ForkServerProcess-5] RunR: builtin_fetch_object at node:4
[2024-08-15 01:10:15,853] [ForkServerProcess-5] RunR: builtin_fetch_object at node:4
[2024-08-15 01:10:16,870] [ForkServerProcess-5] RunR: builtin_fetch_object at node:4
[2024-08-15 01:10:17,006] [ForkServerProcess-5] RunR: builtin_fetch_object at node:4
[2024-08-15 01:10:17,521] [ForkServerProcess-5] RunR: builtin_fetch_object at node:4
[2024-08-15 01:10:17,585] [ForkServerProcess-5] RunR: builtin_fetch_object at node:4
[2024-08-15 01:10:17,597] [ForkServerProcess-5] RunR: builtin_fetch_object at node:4
[2024-08-15 01:10:17,722] [ForkServerProcess-5] RunR: builtin_fetch_object at node:4
[2024-08-15 01:10:18,249] [ForkServerProcess-5] RunR: builtin_fetch_object at node:4
[2024-08-15 01:10:18,334] [ForkServerProcess-5] RunR: builtin_fetch_object at node:4
[2024-08-15 01:10:18,394] [ForkServerProcess-5] RunR: builtin_fetch_object at node:4
[2024-08-15 01:10:18,397] [ForkServerProcess-5] RunR: builtin_fetch_object at node:4
[2024-08-15 01:10:18,468] [ForkServerProcess-5] RunR: builtin_fetch_object at node:4
[2024-08-15 01:10:18,479] [ForkServerProcess-5] RunR: builtin_fetch_object at node:4
[2024-08-15 01:10:18,641] [ForkServerProcess-5] RunR: builtin_fetch_object at node:4
[2024-08-15 01:10:18,770] [ForkServerProcess-5] RunR: builtin_fetch_object at node:4
[2024-08-15 01:10:18,986] [ForkServerProcess-5] RunR: builtin_fetch_object at node:4
[2024-08-15 01:10:18,987] [ForkServerProcess-5] RunR: builtin_fetch_object at node:4
[2024-08-15 01:10:19,066] [ForkServerProcess-5] RunR: builtin_fetch_object at node:4
[2024-08-15 01:10:19,083] [ForkServerProcess-5] RunR: builtin_fetch_object at node:4
[2024-08-15 01:10:19,217] [ForkServerProcess-5] RunR: builtin_fetch_object at node:4
[2024-08-15 01:10:19,346] [ForkServerProcess-5] RunR: builtin_fetch_object at node:4
[2024-08-15 01:10:19,467] [ForkServerProcess-5] RunR: builtin_fetch_object at node:4
[2024-08-15 01:10:19,541] [ForkServerProcess-5] RunR: builtin_fetch_object at node:4
[2024-08-15 01:10:19,541] [ForkServerProcess-5] RunR: builtin_fetch_object at node:4
[2024-08-15 01:10:19,706] [ForkServerProcess-5] RunR: builtin_fetch_object at node:4
[2024-08-15 01:10:19,836] [ForkServerProcess-5] RunR: builtin_fetch_object at node:4
[2024-08-15 01:10:19,961] [ForkServerProcess-5] RunR: builtin_fetch_object at node:4
[2024-08-15 01:10:20,056] [ForkServerProcess-5] RunR: builtin_fetch_object at node:4
[2024-08-15 01:10:20,118] [ForkServerProcess-5] RunR: builtin_fetch_object at node:4
[2024-08-15 01:10:20,179] [ForkServerProcess-5] RunR: builtin_fetch_object at node:4
[2024-08-15 01:10:20,214] [ForkServerProcess-5] RunR: builtin_fetch_object at node:4
[2024-08-15 01:10:21,435] [ForkServerProcess-5] RunR: builtin_fetch_object at node:4
[2024-08-15 01:10:21,565] [ForkServerProcess-5] RunR: builtin_fetch_object at node:4
[2024-08-15 01:10:22,394] [ForkServerProcess-5] RunR: builtin_fetch_object at node:4
[2024-08-15 01:10:22,466] [ForkServerProcess-5] RunR: builtin_fetch_object at node:4
[2024-08-15 01:10:22,467] [ForkServerProcess-5] RunR: builtin_fetch_object at node:4
[2024-08-15 01:10:22,613] [ForkServerProcess-5] RunR: builtin_fetch_object at node:4
[2024-08-15 01:10:23,656] [ForkServerProcess-5] RunR: builtin_fetch_object at node:4
[2024-08-15 01:10:23,877] [ForkServerProcess-5] RunR: builtin_fetch_object at node:4
[2024-08-15 01:10:24,229] [ForkServerProcess-5] RunR: builtin_fetch_object at node:4
[2024-08-15 01:10:24,361] [ForkServerProcess-5] RunR: builtin_fetch_object at node:4
[2024-08-15 01:10:24,486] [ForkServerProcess-5] RunR: builtin_fetch_object at node:4
[2024-08-15 01:10:24,626] [ForkServerProcess-5] RunR: builtin_fetch_object at node:4
[2024-08-15 01:10:24,967] [ForkServerProcess-5] RunR: builtin_fetch_object at node:4
[2024-08-15 01:10:25,111] [ForkServerProcess-5] RunR: builtin_fetch_object at node:4
[2024-08-15 01:10:25,200] [ForkServerProcess-5] RunR: builtin_fetch_object at node:4
[2024-08-15 01:10:25,240] [ForkServerProcess-5] RunR: builtin_fetch_object at node:4
[2024-08-15 01:10:25,302] [ForkServerProcess-5] RunR: builtin_fetch_object at node:4
[2024-08-15 01:10:25,314] [ForkServerProcess-5] RunR: builtin_fetch_object at node:4
[2024-08-15 01:10:25,370] [ForkServerProcess-5] RunR: builtin_fetch_object at node:4
[2024-08-15 01:10:25,555] [ForkServerProcess-5] RunR: builtin_fetch_object at node:4
[2024-08-15 01:10:25,823] [ForkServerProcess-5] RunR: builtin_fetch_object at node:4
[2024-08-15 01:10:25,823] [ForkServerProcess-5] RunR: builtin_fetch_object at node:4
[2024-08-15 01:10:25,896] [ForkServerProcess-5] RunR: builtin_fetch_object at node:4
[2024-08-15 01:10:25,896] [ForkServerProcess-5] RunR: builtin_fetch_object at node:4
[2024-08-15 01:10:26,030] [ForkServerProcess-5] RunR: builtin_fetch_object at node:4
[2024-08-15 01:10:26,155] [ForkServerProcess-5] RunR: builtin_fetch_object at node:4
[2024-08-15 01:10:26,306] [ForkServerProcess-5] RunR: builtin_fetch_object at node:4
[2024-08-15 01:10:26,374] [ForkServerProcess-5] RunR: builtin_fetch_object at node:4
[2024-08-15 01:10:26,398] [ForkServerProcess-5] RunR: builtin_fetch_object at node:4
[2024-08-15 01:10:26,528] [ForkServerProcess-5] RunR: builtin_fetch_object at node:4
[2024-08-15 01:10:26,679] [ForkServerProcess-5] RunR: builtin_fetch_object at node:4
[2024-08-15 01:10:26,844] [ForkServerProcess-5] RunR: builtin_fetch_object at node:4
[2024-08-15 01:10:26,956] [ForkServerProcess-5] RunR: builtin_fetch_object at node:4
[2024-08-15 01:10:27,022] [ForkServerProcess-5] RunR: builtin_fetch_object at node:4
[2024-08-15 01:10:27,031] [ForkServerProcess-5] RunR: builtin_fetch_object at node:4
[2024-08-15 01:10:27,193] [ForkServerProcess-5] RunR: builtin_fetch_object at node:4
[2024-08-15 01:10:28,129] [ForkServerProcess-5] RunR: builtin_fetch_object at node:4
[2024-08-15 01:10:28,260] [ForkServerProcess-5] RunR: builtin_fetch_object at node:4
[2024-08-15 01:10:29,172] [ForkServerProcess-5] RunR: builtin_fetch_object at node:4
[2024-08-15 01:10:29,302] [ForkServerProcess-5] RunR: builtin_fetch_object at node:4
[2024-08-15 01:10:29,424] [ForkServerProcess-5] RunR: builtin_fetch_object at node:4
[2024-08-15 01:10:29,560] [ForkServerProcess-5] RunR: builtin_fetch_object at node:4
[2024-08-15 01:10:29,713] [ForkServerProcess-5] RunR: builtin_fetch_object at node:4
[2024-08-15 01:10:30,366] [ForkServerProcess-5] RunR: builtin_fetch_object at node:4
[2024-08-15 01:10:30,431] [ForkServerProcess-5] RunR: builtin_fetch_object at node:4
[2024-08-15 01:10:30,488] [ForkServerProcess-5] RunR: builtin_fetch_object at node:4
[2024-08-15 01:10:30,948] [ForkServerProcess-5] RunR: builtin_fetch_object at node:4
[2024-08-15 01:10:31,420] [ForkServerProcess-5] RunR: builtin_fetch_object at node:4
[2024-08-15 01:10:31,559] [ForkServerProcess-5] RunR: builtin_fetch_object at node:4
[2024-08-15 01:10:31,658] [ForkServerProcess-5] RunR: builtin_fetch_object at node:4
[2024-08-15 01:10:31,659] [ForkServerProcess-5] RunR: builtin_fetch_object at node:4
[2024-08-15 01:10:32,978] [ForkServerProcess-5] RunR: builtin_fetch_object at node:4
[2024-08-15 01:11:13.932] [info] [thread_pool.cc:30] Create a fixed thread pool with size 63
[2024-08-15 01:11:13.937] [info] [thread_pool.cc:30] Create a fixed thread pool with size 63
[2024-08-15 01:11:13.937] [info] [thread_pool.cc:30] Create a fixed thread pool with size 63
[2024-08-15 01:12:11.212] [info] [api.cc:163] [Profiling] SPU execution text_generation completed, input processing took 0.000129815s, execution took 58.844190881s, output processing took 2.5452e-05s, total time 58.844346148s.
[2024-08-15 01:12:11.214] [info] [api.cc:209] HAL profiling: total time 58.389822026
[2024-08-15 01:12:11.215] [info] [api.cc:212] - f_mmul, executed 337 times, duration 13.65471448s, send bytes 47662800 recv bytes 31268560
[2024-08-15 01:12:11.215] [info] [api.cc:212] - f_tanh, executed 12 times, duration 11.487126103s, send bytes 153446424 recv bytes 131328024
[2024-08-15 01:12:11.215] [info] [api.cc:212] - f_rsqrt, executed 25 times, duration 7.08019733s, send bytes 113640 recv bytes 109640
[2024-08-15 01:12:11.215] [info] [api.cc:212] - f_mul, executed 234 times, duration 6.437702333s, send bytes 73193360 recv bytes 78353360
[2024-08-15 01:12:11.215] [info] [api.cc:212] - f_div, executed 12 times, duration 4.648406045s, send bytes 7384212 recv bytes 7019412
[2024-08-15 01:12:11.215] [info] [api.cc:212] - f_less, executed 107 times, duration 3.780667901s, send bytes 1695790 recv bytes 1695790
[2024-08-15 01:12:11.215] [info] [api.cc:212] - i_less, executed 57 times, duration 2.697408973s, send bytes 1314826 recv bytes 1314826
[2024-08-15 01:12:11.215] [info] [api.cc:212] - f_equal, executed 42 times, duration 1.860266336s, send bytes 1916124 recv bytes 1777756
[2024-08-15 01:12:11.215] [info] [api.cc:212] - _mux, executed 126 times, duration 1.513583064s, send bytes 2943456 recv bytes 981152
[2024-08-15 01:12:11.215] [info] [api.cc:212] - mixed_mmul, executed 10 times, duration 1.348222522s, send bytes 5690224 recv bytes 4886112
[2024-08-15 01:12:11.215] [info] [api.cc:212] - f_exp, executed 12 times, duration 1.063663356s, send bytes 2496000 recv bytes 2265600
[2024-08-15 01:12:11.215] [info] [api.cc:212] - i_equal, executed 10 times, duration 1.062904643s, send bytes 11458596 recv bytes 9046260
[2024-08-15 01:12:11.215] [info] [api.cc:212] - seal, executed 25 times, duration 0.786916041s, send bytes 463600 recv bytes 463600
[2024-08-15 01:12:11.215] [info] [api.cc:212] - _and, executed 64 times, duration 0.360298611s, send bytes 150781 recv bytes 150781
[2024-08-15 01:12:11.215] [info] [api.cc:212] - f_add, executed 707 times, duration 0.279452688s, send bytes 0 recv bytes 0
[2024-08-15 01:12:11.215] [info] [api.cc:212] - mixed_mul, executed 25 times, duration 0.266359404s, send bytes 6000 recv bytes 2000
[2024-08-15 01:12:11.215] [info] [api.cc:212] - f_sub, executed 62 times, duration 0.049382679s, send bytes 0 recv bytes 0
[2024-08-15 01:12:11.215] [info] [api.cc:212] - _xor, executed 84 times, duration 0.00702773s, send bytes 0 recv bytes 0
[2024-08-15 01:12:11.215] [info] [api.cc:212] - logical_not, executed 25 times, duration 0.005441532s, send bytes 0 recv bytes 0
[2024-08-15 01:12:11.215] [info] [api.cc:212] - i_add, executed 11 times, duration 6.853e-05s, send bytes 0 recv bytes 0
[2024-08-15 01:12:11.215] [info] [api.cc:212] - int2fxp, executed 1 times, duration 1.1725e-05s, send bytes 0 recv bytes 0
[2024-08-15 01:12:11.215] [info] [api.cc:209] MPC profiling: total time 58.36465705799999
[2024-08-15 01:12:11.215] [info] [api.cc:212] - trunc_a, executed 1034 times, duration 14.521291865s, send bytes 189925600 recv bytes 168200640
[2024-08-15 01:12:11.215] [info] [api.cc:212] - mmul_aa, executed 476 times, duration 11.411925751s, send bytes 11570000 recv bytes 11570000
[2024-08-15 01:12:11.215] [info] [api.cc:212] - msb_a2b, executed 186 times, duration 10.077331735s, send bytes 22648292 recv bytes 22648292
[2024-08-15 01:12:11.215] [info] [api.cc:212] - mul_aa, executed 562 times, duration 7.090872606s, send bytes 41624240 recv bytes 41624240
[2024-08-15 01:12:11.215] [info] [api.cc:212] - b2a, executed 121 times, duration 4.18069818s, send bytes 8010824 recv bytes 6776312
[2024-08-15 01:12:11.215] [info] [api.cc:212] - mul_a1b, executed 173 times, duration 2.801516352s, send bytes 20644176 recv bytes 6881392
[2024-08-15 01:12:11.215] [info] [api.cc:212] - equal_ss, executed 42 times, duration 1.859739041s, send bytes 1916124 recv bytes 1777756
[2024-08-15 01:12:11.215] [info] [api.cc:212] - a2b, executed 37 times, duration 1.796180944s, send bytes 879000 recv bytes 879000
[2024-08-15 01:12:11.215] [info] [api.cc:212] - and_bb, executed 286 times, duration 1.529452324s, send bytes 795381 recv bytes 795381
[2024-08-15 01:12:11.215] [info] [api.cc:212] - equal_sp, executed 10 times, duration 1.062784986s, send bytes 11458596 recv bytes 9046260
[2024-08-15 01:12:11.215] [info] [api.cc:212] - p2a, executed 15 times, duration 0.786698678s, send bytes 463600 recv bytes 463600
[2024-08-15 01:12:11.215] [info] [api.cc:212] - add_aa, executed 1221 times, duration 0.414051551s, send bytes 0 recv bytes 0
[2024-08-15 01:12:11.215] [info] [api.cc:212] - add_ap, executed 858 times, duration 0.291565764s, send bytes 0 recv bytes 0
[2024-08-15 01:12:11.215] [info] [api.cc:212] - not_a, executed 459 times, duration 0.168477233s, send bytes 0 recv bytes 0
[2024-08-15 01:12:11.215] [info] [api.cc:212] - mul_ap, executed 285 times, duration 0.095083969s, send bytes 0 recv bytes 0
[2024-08-15 01:12:11.215] [info] [api.cc:212] - concatenate, executed 47 times, duration 0.060273013s, send bytes 0 recv bytes 0
[2024-08-15 01:12:11.215] [info] [api.cc:212] - add_pp, executed 201 times, duration 0.050841874s, send bytes 0 recv bytes 0
[2024-08-15 01:12:11.215] [info] [api.cc:212] - not_p, executed 148 times, duration 0.035983632s, send bytes 0 recv bytes 0
[2024-08-15 01:12:11.215] [info] [api.cc:212] - extract_slice, executed 2256 times, duration 0.023970938s, send bytes 0 recv bytes 0
[2024-08-15 01:12:11.215] [info] [api.cc:212] - xor_bb, executed 965 times, duration 0.019284913s, send bytes 0 recv bytes 0
[2024-08-15 01:12:11.215] [info] [api.cc:212] - bitrev_b, executed 62 times, duration 0.017328153s, send bytes 0 recv bytes 0
[2024-08-15 01:12:11.215] [info] [api.cc:212] - pad, executed 10 times, duration 0.012015645s, send bytes 0 recv bytes 0
[2024-08-15 01:12:11.215] [info] [api.cc:212] - mmul_ap, executed 72 times, duration 0.011799163s, send bytes 0 recv bytes 0
[2024-08-15 01:12:11.215] [info] [api.cc:212] - reshape, executed 1570 times, duration 0.009382531s, send bytes 0 recv bytes 0
[2024-08-15 01:12:11.215] [info] [api.cc:212] - cast_type_b, executed 10 times, duration 0.007478731s, send bytes 0 recv bytes 0
[2024-08-15 01:12:11.215] [info] [api.cc:212] - make_p, executed 1141 times, duration 0.006472042s, send bytes 0 recv bytes 0
[2024-08-15 01:12:11.215] [info] [api.cc:212] - rshift_b, executed 534 times, duration 0.005867144s, send bytes 0 recv bytes 0
[2024-08-15 01:12:11.215] [info] [api.cc:212] - and_bp, executed 450 times, duration 0.005051609s, send bytes 0 recv bytes 0
[2024-08-15 01:12:11.215] [info] [api.cc:212] - transpose, executed 401 times, duration 0.003262324s, send bytes 0 recv bytes 0
[2024-08-15 01:12:11.215] [info] [api.cc:212] - xor_bp, executed 60 times, duration 0.003205438s, send bytes 0 recv bytes 0
[2024-08-15 01:12:11.215] [info] [api.cc:212] - broadcast, executed 206 times, duration 0.001397732s, send bytes 0 recv bytes 0
[2024-08-15 01:12:11.215] [info] [api.cc:212] - lshift_b, executed 150 times, duration 0.001054638s, send bytes 0 recv bytes 0
[2024-08-15 01:12:11.215] [info] [api.cc:212] - msb_p, executed 14 times, duration 0.000967849s, send bytes 0 recv bytes 0
[2024-08-15 01:12:11.215] [info] [api.cc:212] - update_slice, executed 10 times, duration 0.000801789s, send bytes 0 recv bytes 0
[2024-08-15 01:12:11.215] [info] [api.cc:212] - mul_pp, executed 26 times, duration 0.000397098s, send bytes 0 recv bytes 0
[2024-08-15 01:12:11.215] [info] [api.cc:212] - p2b, executed 10 times, duration 9.9782e-05s, send bytes 0 recv bytes 0
[2024-08-15 01:12:11.215] [info] [api.cc:212] - common_type_b, executed 10 times, duration 4.1108e-05s, send bytes 0 recv bytes 0
[2024-08-15 01:12:11.215] [info] [api.cc:212] - lshift_p, executed 1 times, duration 8.933e-06s, send bytes 0 recv bytes 0
[2024-08-15 01:12:11.215] [info] [api.cc:222] Link details: total send bytes 309935833, recv bytes 270662873, send actions 6220
[2024-08-15 01:12:11,333] [ForkServerProcess-1] RunR: builtin_fetch_meta at node:0
[2024-08-15 01:12:11,357] [ForkServerProcess-1] RunR: builtin_gc at node:0
[2024-08-15 01:12:11,357] [ForkServerProcess-2] RunR: builtin_gc at node:1
[2024-08-15 01:12:11,357] [ForkServerProcess-3] RunR: builtin_gc at node:2
[2024-08-15 01:12:11,358] [ForkServerProcess-4] RunR: builtin_gc at node:3
[2024-08-15 01:12:11,359] [ForkServerProcess-5] RunR: builtin_gc at node:4
[2024-08-15 01:12:11,483] [ForkServerProcess-1] RunR: builtin_gc at node:0
[2024-08-15 01:12:11,484] [ForkServerProcess-4] RunR: builtin_gc at node:3
[2024-08-15 01:12:11,485] [ForkServerProcess-2] RunR: builtin_gc at node:1
[2024-08-15 01:12:11,485] [ForkServerProcess-3] RunR: builtin_gc at node:2
[2024-08-15 01:12:11,485] [ForkServerProcess-5] RunR: builtin_gc at node:4
[2024-08-15 01:12:11,530] [ForkServerProcess-2] RunR: builtin_gc at node:1
[2024-08-15 01:12:11,530] [ForkServerProcess-1] RunR: builtin_gc at node:0
[2024-08-15 01:12:11,531] [ForkServerProcess-3] RunR: builtin_gc at node:2
[2024-08-15 01:12:11,531] [ForkServerProcess-5] RunR: builtin_gc at node:4
[2024-08-15 01:12:11,531] [ForkServerProcess-4] RunR: builtin_gc at node:3
[2024-08-15 01:12:11,562] [ForkServerProcess-2] RunR: builtin_gc at node:1
[2024-08-15 01:12:11,562] [ForkServerProcess-1] RunR: builtin_gc at node:0
[2024-08-15 01:12:11,563] [ForkServerProcess-3] RunR: builtin_gc at node:2
[2024-08-15 01:12:11,564] [ForkServerProcess-4] RunR: builtin_gc at node:3
[2024-08-15 01:12:11,564] [ForkServerProcess-5] RunR: builtin_gc at node:4
[2024-08-15 01:12:11,609] [ForkServerProcess-1] RunR: builtin_gc at node:0
[2024-08-15 01:12:11,610] [ForkServerProcess-2] RunR: builtin_gc at node:1
[2024-08-15 01:12:11,611] [ForkServerProcess-3] RunR: builtin_gc at node:2
[2024-08-15 01:12:11,611] [ForkServerProcess-4] RunR: builtin_gc at node:3
[2024-08-15 01:12:11,611] [ForkServerProcess-5] RunR: builtin_gc at node:4
[2024-08-15 01:12:11,648] [ForkServerProcess-1] RunR: builtin_gc at node:0
[2024-08-15 01:12:11,648] [ForkServerProcess-2] RunR: builtin_gc at node:1
[2024-08-15 01:12:11,648] [ForkServerProcess-3] RunR: builtin_gc at node:2
[2024-08-15 01:12:11,649] [ForkServerProcess-4] RunR: builtin_gc at node:3
[2024-08-15 01:12:11,649] [ForkServerProcess-5] RunR: builtin_gc at node:4
[2024-08-15 01:12:11,685] [ForkServerProcess-1] RunR: builtin_gc at node:0
[2024-08-15 01:12:11,686] [ForkServerProcess-2] RunR: builtin_gc at node:1
[2024-08-15 01:12:11,686] [ForkServerProcess-3] RunR: builtin_gc at node:2
[2024-08-15 01:12:11,687] [ForkServerProcess-5] RunR: builtin_gc at node:4
[2024-08-15 01:12:11,687] [ForkServerProcess-4] RunR: builtin_gc at node:3
[2024-08-15 01:12:11,733] [ForkServerProcess-1] RunR: builtin_gc at node:0
[2024-08-15 01:12:11,734] [ForkServerProcess-2] RunR: builtin_gc at node:1
[2024-08-15 01:12:11,735] [ForkServerProcess-4] RunR: builtin_gc at node:3
[2024-08-15 01:12:11,735] [ForkServerProcess-3] RunR: builtin_gc at node:2
[2024-08-15 01:12:11,735] [ForkServerProcess-5] RunR: builtin_gc at node:4
[2024-08-15 01:12:11,766] [ForkServerProcess-1] RunR: builtin_fetch_object at node:0
[2024-08-15 01:12:11,779] [ForkServerProcess-2] RunR: builtin_fetch_object at node:1
[2024-08-15 01:12:11,791] [ForkServerProcess-3] RunR: builtin_fetch_object at node:2
[2024-08-15 01:12:11,810] [ForkServerProcess-1] RunR: builtin_gc at node:0
[2024-08-15 01:12:11,810] [ForkServerProcess-2] RunR: builtin_gc at node:1
[2024-08-15 01:12:11,810] [ForkServerProcess-3] RunR: builtin_gc at node:2
[2024-08-15 01:12:11,811] [ForkServerProcess-5] RunR: builtin_gc at node:4
[2024-08-15 01:12:11,811] [ForkServerProcess-4] RunR: builtin_gc at node:3
[2024-08-15 01:12:11,847] [ForkServerProcess-3] RunR: builtin_gc at node:2
[2024-08-15 01:12:11,847] [ForkServerProcess-2] RunR: builtin_gc at node:1
[2024-08-15 01:12:11,848] [ForkServerProcess-4] RunR: builtin_gc at node:3
[2024-08-15 01:12:11,848] [ForkServerProcess-1] RunR: builtin_gc at node:0
[2024-08-15 01:12:11,848] [ForkServerProcess-5] RunR: builtin_gc at node:4
[2024-08-15 01:12:11,867] [ForkServerProcess-1] RunR: builtin_gc at node:0
[2024-08-15 01:12:11,868] [ForkServerProcess-2] RunR: builtin_gc at node:1
[2024-08-15 01:12:11,868] [ForkServerProcess-4] RunR: builtin_gc at node:3
[2024-08-15 01:12:11,868] [ForkServerProcess-3] RunR: builtin_gc at node:2
[2024-08-15 01:12:11,869] [ForkServerProcess-5] RunR: builtin_gc at node:4
